11/06/2016 04:46:51 - app.views - INFO - 127.0.0.1
{
    "data": [
        {
            "counters": [
                {
                    "val": "2877", 
                    "n": "1"
                }, 
                {
                    "val": "2237", 
                    "n": "2"
                }
            ], 
            "readout_dt": "1465193586", 
            "id": "881"
        }, 
        {
            "counters": [
                {
                    "state": "0", 
                    "val": "2878", 
                    "n": "1"
                }, 
                {
                    "state": "1", 
                    "val": "2238", 
                    "n": "2"
                }
            ], 
            "readout_dt": "1465197765", 
            "id": "882"
        }
    ], 
    "sn": "13817406"
}
11/06/2016 04:47:07 - app.views - INFO - 127.0.0.1
{
    "data": [
        {
            "counters": [
                {
                    "val": "2877", 
                    "n": "1"
                }, 
                {
                    "val": "2237", 
                    "n": "2"
                }
            ], 
            "readout_dt": "1465193586", 
            "id": "881"
        }, 
        {
            "counters": [
                {
                    "state": "0", 
                    "val": "2878", 
                    "n": "1"
                }, 
                {
                    "state": "1", 
                    "val": "2238", 
                    "n": "2"
                }
            ], 
            "readout_dt": "1465197765", 
            "id": "882"
        }
    ], 
    "sn": "13817406"
}
11/06/2016 04:47:13 - app.views - INFO - 127.0.0.1
{
    "data": [
        {
            "counters": [
                {
                    "val": "2877", 
                    "n": "1"
                }, 
                {
                    "val": "2237", 
                    "n": "2"
                }
            ], 
            "readout_dt": "1465193586", 
            "id": "881"
        }, 
        {
            "counters": [
                {
                    "state": "0", 
                    "val": "2878", 
                    "n": "1"
                }, 
                {
                    "state": "1", 
                    "val": "2238", 
                    "n": "2"
                }
            ], 
            "readout_dt": "1465197765", 
            "id": "882"
        }
    ], 
    "sn": "13817406"
}
11/06/2016 04:47:42 - app.views - INFO - 127.0.0.1
{
    "data": [
        {
            "counters": [
                {
                    "val": "2877", 
                    "n": "1"
                }, 
                {
                    "val": "2237", 
                    "n": "2"
                }
            ], 
            "readout_dt": "1465193586", 
            "id": "881"
        }, 
        {
            "counters": [
                {
                    "state": "0", 
                    "val": "2878", 
                    "n": "1"
                }, 
                {
                    "state": "1", 
                    "val": "2238", 
                    "n": "2"
                }
            ], 
            "readout_dt": "1465197765", 
            "id": "882"
        }
    ], 
    "sn": "13817406"
}
